<?xml version="1.0" encoding="UTF-8"?>
<!-- Generated by org.testng.reporters.JUnitReportReporter -->
<testsuite hostname="Sankalp-NB" name="com.appium.demo.AndroidCalculatorTest" tests="1" failures="0" timestamp="7 Jan 2018 08:09:49 GMT" time="11.652" errors="0">
  <testcase name="Sum" time="11.652" classname="com.appium.demo.AndroidCalculatorTest"/>
</testsuite> <!-- com.appium.demo.AndroidCalculatorTest -->
